Flutter crash report.
Please report a bug at https://github.com/flutter/flutter/issues.

## command

flutter build ios

## exception

ProcessException: ProcessException: Process timed out:

  Command: xcrun xcodebuild -configuration Release -quiet -workspace Runner.xcworkspace -scheme Runner BUILD_DIR=/Users/dolphin/Documents/GitHub/cruise-open/build/ios -sdk iphoneos SCRIPT_OUTPUT_STREAM_FILE=/var/folders/sr/16lcx_p11rg0ntdgs673s6z00000gn/T/flutter_tools.lL1rKe/flutter_build_log_pipe.hTg0ZL/pipe_to_stdout FLUTTER_SUPPRESS_ANALYTICS=true COMPILER_INDEX_STORE_ENABLE=NO -showBuildSettings

```
#0      RunResult.throwException (package:flutter_tools/src/base/process.dart:171:5)
#1      _DefaultProcessUtils.run (package:flutter_tools/src/base/process.dart:394:19)
<asynchronous suspension>
#2      buildXcodeProject (package:flutter_tools/src/ios/mac.dart:371:47)
<asynchronous suspension>
#3      _BuildIOSSubCommand.runCommand (package:flutter_tools/src/commands/build_ios.dart:244:37)
<asynchronous suspension>
#4      FlutterCommand.verifyThenRunCommand (package:flutter_tools/src/runner/flutter_command.dart:1157:12)
<asynchronous suspension>
#5      FlutterCommand.run.<anonymous closure> (package:flutter_tools/src/runner/flutter_command.dart:1009:27)
<asynchronous suspension>
#6      AppContext.run.<anonymous closure> (package:flutter_tools/src/base/context.dart:150:19)
<asynchronous suspension>
#7      AppContext.run (package:flutter_tools/src/base/context.dart:149:12)
<asynchronous suspension>
#8      CommandRunner.runCommand (package:args/command_runner.dart:197:13)
<asynchronous suspension>
#9      FlutterCommandRunner.runCommand.<anonymous closure> (package:flutter_tools/src/runner/flutter_command_runner.dart:278:9)
<asynchronous suspension>
#10     AppContext.run.<anonymous closure> (package:flutter_tools/src/base/context.dart:150:19)
<asynchronous suspension>
#11     AppContext.run (package:flutter_tools/src/base/context.dart:149:12)
<asynchronous suspension>
#12     FlutterCommandRunner.runCommand (package:flutter_tools/src/runner/flutter_command_runner.dart:234:5)
<asynchronous suspension>
#13     run.<anonymous closure>.<anonymous closure> (package:flutter_tools/runner.dart:64:9)
<asynchronous suspension>
#14     run.<anonymous closure> (package:flutter_tools/runner.dart:62:12)
<asynchronous suspension>
#15     AppContext.run.<anonymous closure> (package:flutter_tools/src/base/context.dart:150:19)
<asynchronous suspension>
#16     AppContext.run (package:flutter_tools/src/base/context.dart:149:12)
<asynchronous suspension>
#17     runInContext (package:flutter_tools/src/context_runner.dart:73:10)
<asynchronous suspension>
#18     main (package:flutter_tools/executable.dart:90:3)
<asynchronous suspension>
```

## flutter doctor

```
[✓] Flutter (Channel stable, 2.0.1, on Mac OS X 10.15.7 19H114 darwin-x64, locale en-CN)
    • Flutter version 2.0.1 at /Users/dolphin/apps/flutter
    • Framework revision c5a4b4029c (8 days ago), 2021-03-04 09:47:48 -0800
    • Engine revision 40441def69
    • Dart version 2.12.0
    • Pub download mirror https://pub.flutter-io.cn
    • Flutter download mirror https://storage.flutter-io.cn

[✓] Android toolchain - develop for Android devices (Android SDK version 30.0.3)
    • Android SDK at /Users/dolphin/Library/Android/sdk
    • Platform android-30, build-tools 30.0.3
    • Java binary at: /Applications/Android Studio.app/Contents/jre/jdk/Contents/Home/bin/java
    • Java version OpenJDK Runtime Environment (build 1.8.0_242-release-1644-b3-6915495)
    • All Android licenses accepted.

[✓] Xcode - develop for iOS and macOS
    • Xcode at /Applications/Xcode.app/Contents/Developer
    • Xcode 12.4, Build version 12D4e
    • CocoaPods version 1.10.1

[✓] Chrome - develop for the web
    • Chrome at /Applications/Google Chrome.app/Contents/MacOS/Google Chrome

[✓] Android Studio (version 4.1)
    • Android Studio at /Applications/Android Studio.app/Contents
    • Flutter plugin can be installed from:
      🔨 https://plugins.jetbrains.com/plugin/9212-flutter
    • Dart plugin can be installed from:
      🔨 https://plugins.jetbrains.com/plugin/6351-dart
    • Java version OpenJDK Runtime Environment (build 1.8.0_242-release-1644-b3-6915495)

[✓] IntelliJ IDEA Community Edition (version 2020.3.2)
    • IntelliJ at /Applications/IntelliJ IDEA CE.app
    • Flutter plugin can be installed from:
      🔨 https://plugins.jetbrains.com/plugin/9212-flutter
    • Dart plugin can be installed from:
      🔨 https://plugins.jetbrains.com/plugin/6351-dart

[✓] IntelliJ IDEA Ultimate Edition (version 2019.2.2)
    • IntelliJ at /Users/dolphin/Applications/JetBrains Toolbox/IntelliJ IDEA Ultimate.app
    • Flutter plugin can be installed from:
      🔨 https://plugins.jetbrains.com/plugin/9212-flutter
    • Dart plugin can be installed from:
      🔨 https://plugins.jetbrains.com/plugin/6351-dart

[✓] VS Code (version 1.53.2)
    • VS Code at /Applications/Visual Studio Code.app/Contents
    • Flutter extension version 3.20.0

[✓] Connected device (2 available)
    • macOS (desktop) • macos  • darwin-x64     • Mac OS X 10.15.7 19H114 darwin-x64
    • Chrome (web)    • chrome • web-javascript • Google Chrome 89.0.4389.82
    ! Error: xiaoqiang 的 iPhone is busy: Copying cache files from device. Xcode will continue when xiaoqiang 的 iPhone is finished. (code -10)

• No issues found!
```
